<?xml version="1.0" encoding="UTF-8"?>
<!-- Generated by org.testng.reporters.JUnitReportReporter -->
<testsuite hostname="SHI58495EU1103F" name="testNGpractice.SampleClass" tests="1" failures="0" timestamp="3 Jun 2019 18:07:08 GMT" time="0.000" errors="0">
  <testcase name="test1" time="0.000" classname="testNGpractice.SampleClass"/>
</testsuite> <!-- testNGpractice.SampleClass -->
