<?xml version="1.0" encoding="UTF-8"?>
<!-- Generated by org.testng.reporters.JUnitReportReporter -->
<testsuite hostname="SHI58495EU1103F" name="v7api.VsevenAPI" tests="1" failures="0" timestamp="7 Aug 2018 06:56:07 GMT" time="3.642" errors="0">
  <testcase name="VerifyMemberPinUpdate" time="3.642" classname="v7api.VsevenAPI"/>
</testsuite> <!-- v7api.VsevenAPI -->
