<?xml version="1.0" encoding="UTF-8"?>
<!-- Generated by org.testng.reporters.JUnitReportReporter -->
<testsuite hostname="SHI58495EU1103F" name="SimpleGetTest" tests="1" failures="0" timestamp="26 May 2019 13:20:44 GMT" time="2.532" errors="0">
  <testcase name="IteratingOverHeaders" time="2.532" classname="SimpleGetTest"/>
</testsuite> <!-- SimpleGetTest -->
