<?xml version="1.0" encoding="UTF-8"?>
<!-- Generated by org.testng.reporters.JUnitReportReporter -->
<testsuite hostname="SHI58495EU1103F" name="TestCases.V7" tests="2" failures="0" timestamp="28 May 2019 13:57:30 GMT" time="22.221" errors="0">
  <testcase name="validatePersonalInfoAPI" time="15.196" classname="TestCases.V7"/>
  <testcase name="createUser" time="7.025" classname="TestCases.V7"/>
</testsuite> <!-- TestCases.V7 -->
