<?xml version="1.0" encoding="UTF-8"?>
<!-- Generated by org.testng.reporters.JUnitReportReporter -->
<testsuite skipped="0" hostname="SHI58495EU1103F" name="com.api.test.getApiTest" tests="1" failures="0" timestamp="03 Apr 2019 06:28:53 GMT" time="1.440" errors="0">
  <testcase name="getTestMethod" time="1.440" classname="com.api.test.getApiTest"/>
</testsuite> <!-- com.api.test.getApiTest -->
